<?xml version="1.0" encoding="UTF-8"?>
<Site BuildName="Darwin-g++-12"
	BuildStamp="20230323-1539-Experimental"
	Name="wow"
	Generator="ctest-3.25.2"
	CompilerName="/usr/local/bin/g++-12"
	CompilerVersion="12.2.0"
	OSName="macOS"
	Hostname="wow"
	OSRelease="12.6.1"
	OSVersion="21G217"
	OSPlatform="x86_64"
	Is64Bits="1"
	VendorString="GenuineIntel"
	VendorID="Intel Corporation"
	FamilyID="6"
	ModelID="69"
	ProcessorCacheSize="32768"
	NumberOfLogicalCPU="4"
	NumberOfPhysicalCPU="2"
	TotalVirtualMemory="1024"
	TotalPhysicalMemory="8192"
	LogicalProcessorsPerPhysical="8"
	ProcessorClockFrequency="2800"
	>
	<Testing>
		<StartDateTime>Mar 23 23:39 CST</StartDateTime>
		<StartTestTime>1679585945</StartTestTime>
		<TestList/>
		<EndDateTime>Mar 23 23:39 CST</EndDateTime>
		<EndTestTime>1679585945</EndTestTime>
		<ElapsedMinutes>0</ElapsedMinutes>
	</Testing>
</Site>
